
[1m[46m RUN [49m[22m [36mv4.1.0 [39m[90mE:/╨а╨░╨▒╨╛╤В╨░/Programming/JavaScript/Projects/facade_section_editor[39m

stderr | tests/offset-rule1-arc-serialization.spec.js:55:11 > Rule 1: Arc Serialization skipArcAutoCorrect > Test 1: Default Behavior тАФ Auto-correct Enabled > should auto-correct arc radius when too small for chord length
[10:02:32] [arcApproximation:WARN] [Arc Auto-correct] Radius 1.00mm тЖТ 5.00mm (chord 10.00mm)

stderr | tests/offset-rule1-arc-serialization.spec.js:111:11 > Rule 1: Arc Serialization skipArcAutoCorrect > Test 1: Default Behavior тАФ Auto-correct Enabled > should handle mixed segments with default auto-correct
[10:02:32] [arcApproximation:WARN] [Arc Auto-correct] Radius 1.50mm тЖТ 5.00mm (chord 10.00mm)

stderr | tests/offset-rule1-arc-serialization.spec.js:315:11 > Rule 1: Arc Serialization skipArcAutoCorrect > Test 4: approximatePath Regression тАФ Auto-correct Still Enabled > should confirm approximatePath uses auto-correct by default
[10:02:32] [arcApproximation:WARN] [Arc Auto-correct] Radius 0.80mm тЖТ 5.00mm (chord 10.00mm)

stderr | tests/offset-rule1-arc-serialization.spec.js:348:11 > Rule 1: Arc Serialization skipArcAutoCorrect > Test 4: approximatePath Regression тАФ Auto-correct Still Enabled > should verify approximatePath path does not use skipArcAutoCorrect
[10:02:32] [arcApproximation:WARN] [Arc Auto-correct] Radius 1.00mm тЖТ 4.00mm (chord 8.00mm)
[10:02:32] [arcApproximation:WARN] [Arc Auto-correct] Radius 0.90mm тЖТ 4.00mm (chord 8.00mm)

stderr | tests/offset-rule1-arc-serialization.spec.js:389:11 > Rule 1: Arc Serialization skipArcAutoCorrect > Test 5: Geometric Invariants > should maintain arc endpoint consistency with auto-correct
[10:02:32] [arcApproximation:WARN] [Arc Auto-correct] Radius 0.10mm тЖТ 7.20mm (chord 14.41mm)

stderr | tests/offset-rule1-arc-serialization.spec.js:460:11 > Rule 1: Arc Serialization skipArcAutoCorrect > Test 6: Backward Compatibility > should work when options parameter is undefined
[10:02:32] [arcApproximation:WARN] [Arc Auto-correct] Radius 1.00mm тЖТ 5.00mm (chord 10.00mm)

stderr | tests/offset-rule1-arc-serialization.spec.js:481:11 > Rule 1: Arc Serialization skipArcAutoCorrect > Test 6: Backward Compatibility > should work when options is empty object
[10:02:32] [arcApproximation:WARN] [Arc Auto-correct] Radius 1.00mm тЖТ 5.00mm (chord 10.00mm)

stderr | tests/offset-rule1-arc-serialization.spec.js:502:11 > Rule 1: Arc Serialization skipArcAutoCorrect > Test 6: Backward Compatibility > should work with skipArcAutoCorrect=false (explicit)
[10:02:32] [arcApproximation:WARN] [Arc Auto-correct] Radius 1.00mm тЖТ 5.00mm (chord 10.00mm)

 [32mтЬУ[39m tests/offset-rule1-arc-serialization.spec.js [2m([22m[2m16 tests[22m[2m)[22m[32m 9[2mms[22m[39m
 [32mтЬУ[39m tests/offset-arc-center-stability.spec.js [2m([22m[2m3 tests[22m[2m)[22m[32m 6[2mms[22m[39m
stderr | tests/offset-arc-degeneration-gap-bridge.spec.js:51:5 > buildOffsetContour - bridge topology across dropped arc > builds ╨Я-bridge (not direct intersection) when arc collapses at exactly d=arcRadius for offset consistency
[10:02:32] [OffsetContourBuilder:WARN] buildOffsetContour: failed to offset segment 1, type=arc

stderr | tests/offset-arc-degeneration-gap-bridge.spec.js:86:5 > buildOffsetContour - bridge topology across dropped arc > shifts first dropped-gap bridge anchor for d=3 when arc radius is exceeded
[10:02:32] [OffsetContourBuilder:WARN] buildOffsetContour: failed to offset segment 1, type=arc

stderr | tests/offset-arc-degeneration-gap-bridge.spec.js:105:5 > buildOffsetContour - bridge topology across dropped arc > removes zero-length segments at large offset (d=10) to prevent topology flip
[10:02:32] [OffsetContourBuilder:WARN] buildOffsetContour: failed to offset segment 1, type=arc

 [32mтЬУ[39m tests/offset-rule3-ubridge.spec.js [2m([22m[2m20 tests[22m[2m)[22m[32m 12[2mms[22m[39m
stderr | tests/offset-arc-degeneration-gap-bridge.spec.js:130:5 > buildOffsetContour - bridge topology across dropped arc > prevents resurrection/inversion of collapsed segment at d=11 (no reversed stub)
[10:02:32] [OffsetContourBuilder:WARN] buildOffsetContour: failed to offset segment 1, type=arc

stderr | tests/offset-arc-degeneration-gap-bridge.spec.js:190:5 > buildOffsetContour - bridge topology across dropped arc > allows controlled anchor progression at d=12 after arc degeneration
[10:02:32] [OffsetContourBuilder:WARN] buildOffsetContour: failed to offset segment 1, type=arc

stderr | tests/offset-arc-degeneration-gap-bridge.spec.js:265:5 > buildOffsetContour - symmetric bridge when arc fully collapses (r === |d|) > direct offset(+3) produces symmetric ╨Я-bridge matching two-step offset(-2)тЖТoffset(-1)
[10:02:32] [OffsetContourBuilder:WARN] buildOffsetContour: failed to offset segment 1, type=arc

stderr | tests/offset-arc-degeneration-gap-bridge.spec.js:308:5 > buildOffsetContour - symmetric bridge when arc fully collapses (r === |d|) > direct offset(+4) matches two-step offset(+3)тЖТoffset(+1) тАФ over-collapse extra=1
[10:02:32] [OffsetContourBuilder:WARN] buildOffsetContour: failed to offset segment 1, type=arc

 [32mтЬУ[39m tests/offset-arc-degeneration-gap-bridge.spec.js [2m([22m[2m7 tests[22m[2m)[22m[32m 11[2mms[22m[39m
 [32mтЬУ[39m tests/offset-rule0-parallelism.spec.js [2m([22m[2m7 tests[22m[2m)[22m[32m 8[2mms[22m[39m
[90mstdout[2m | tests/offset-invariants.spec.js[2m:54:11[22m[2m[2m > [22m[2mOffset Continuity & Degenerate Invariants[2m > [22m[2mNo Zero-Length Segments[2m > [22m[2msingle-line offset should have no zero-length segments
[22m[39mTEST: zero-length segments in single-line offset
Input path: M 0 0 V 10
Offset distance: 1
Contour segments count: [33m1[39m
Contour closed (SHOULD BE FALSE for open path): [33mfalse[39m
  Segment 0: start={"x":-1,"y":0}, end={"x":-1,"y":10}, isZero=false

[90mstdout[2m | tests/offset-invariants.spec.js[2m:89:11[22m[2m[2m > [22m[2mOffset Continuity & Degenerate Invariants[2m > [22m[2mNo Zero-Length Segments[2m > [22m[2mmulti-segment open path should have no zero-length segments
[22m[39mTEST: zero-length segments in multi-segment path
Input path: M 0 0 L 10 0 L 10 10
Contour segments count: [33m2[39m

[90mstdout[2m | tests/offset-invariants.spec.js[2m:117:11[22m[2m[2m > [22m[2mOffset Continuity & Degenerate Invariants[2m > [22m[2mNo Zero-Length Segments[2m > [22m[2mclosed contour offset should have no zero-length segments
[22m[39mTEST: zero-length segments in closed contour
Input path: M 0 0 L 10 0 L 10 10 L 0 10 Z
Contour segments count: [33m8[39m
Contour closed: [33mtrue[39m

[90mstdout[2m | tests/offset-modes.spec.js[2m:27:11[22m[2m[2m > [22m[2mOffset Mode Routing - Open Contour Modes[2m > [22m[2mone-sided mode[2m > [22m[2mshould produce 1 open contour for open path with one-sided mode
[22m[39mTEST: open path one-sided mode
Input path: M 0 0 L 10 0 L 10 10
Mode: one-sided
Result contours: [33m1[39m
Contour details: [ { closed: [33mfalse[39m, segments: [33m2[39m, area: [33m66[39m } ]

[90mstdout[2m | tests/offset-invariants.spec.js[2m:147:11[22m[2m[2m > [22m[2mOffset Continuity & Degenerate Invariants[2m > [22m[2mStitched Continuity[2m > [22m[2msingle-line offset segments should be stitched end-to-start
[22m[39mTEST: stitched continuity in single-line offset
Input path: M 0 0 V 10
Contour segments count: [33m1[39m

[90mstdout[2m | tests/offset-modes.spec.js[2m:53:11[22m[2m[2m > [22m[2mOffset Mode Routing - Open Contour Modes[2m > [22m[2mone-sided mode[2m > [22m[2mone-sided mode should produce offset on one side only (positive offset)
[22m[39mSingle line one-sided:
Offset distance: [33m2[39m
Contour segments: [33m1[39m
Contour area: [33m0[39m
Contour closed: [33mfalse[39m

[90mstdout[2m | tests/offset-invariants.spec.js[2m:178:11[22m[2m[2m > [22m[2mOffset Continuity & Degenerate Invariants[2m > [22m[2mStitched Continuity[2m > [22m[2mmulti-segment path segments should be stitched end-to-start
[22m[39mTEST: stitched continuity in multi-segment path
Input path: M 0 0 L 10 0 L 10 10 L 20 20
Contour segments count: [33m3[39m

[90mstdout[2m | tests/offset-invariants.spec.js[2m:211:11[22m[2m[2m > [22m[2mOffset Continuity & Degenerate Invariants[2m > [22m[2mStitched Continuity[2m > [22m[2mround-cap offset segments should be stitched
[22m[39mTEST: stitched continuity with round caps
Input path: M 0 0 V 10
Offset distance: 2
Contour segments count: [33m1[39m

[90mstdout[2m | tests/offset-invariants.spec.js[2m:243:11[22m[2m[2m > [22m[2mOffset Continuity & Degenerate Invariants[2m > [22m[2mNo Implicit Extra Closure Segment[2m > [22m[2malready-closed contour should not add extra closure segment
[22m[39mTEST: no implicit closure in already-closed contour
Input path: M 0 0 L 10 0 L 10 10 L 0 10 Z
Input: already closed (ends with Z)
Contour closed: [33mtrue[39m
Contour segments count: [33m4[39m
  First segment start: {"x":1,"y":1}
  Last segment end: {"x":1,"y":1}
  First-last connected: true

[90mstdout[2m | tests/offset-invariants.spec.js[2m:291:11[22m[2m[2m > [22m[2mOffset Continuity & Degenerate Invariants[2m > [22m[2mNo Implicit Extra Closure Segment[2m > [22m[2mopen contour with both-sides closure should not duplicate closure segment
[22m[39mTEST: no duplicate closure in two-sides-caps mode
Input path: M 0 0 V 10
Mode: two-sides-flat-caps
Contour closed: [33mtrue[39m
Contour segments count: [33m4[39m
  First segment start: {"x":-1,"y":0}
  Last segment end: {"x":-1,"y":0}

[90mstdout[2m | tests/offset-invariants.spec.js[2m:330:11[22m[2m[2m > [22m[2mOffset Continuity & Degenerate Invariants[2m > [22m[2mNo Implicit Extra Closure Segment[2m > [22m[2msingle-segment offset should not have parasitic closure loop
[22m[39mTEST: single-segment path parasitic closure
Input path: M 5 5 L 15 15
Contour closed: [33mfalse[39m
Contour segments count: [33m1[39m

[90mstdout[2m | tests/offset-invariants.spec.js[2m:368:11[22m[2m[2m > [22m[2mOffset Continuity & Degenerate Invariants[2m > [22m[2mComposite Invariant Checks[2m > [22m[2mall segments must satisfy: no zero-length AND stitched AND no parasites
[22m[39mTEST: composite invariant check
Input path: M 0 0 L 5 5 L 10 0 L 10 10
Violations found: { zeroLength: [], unstitched: [], parasites: [] }

[90mstdout[2m | tests/offset-modes.spec.js[2m:80:11[22m[2m[2m > [22m[2mOffset Mode Routing - Open Contour Modes[2m > [22m[2mtwo-sides-no-close mode[2m > [22m[2mshould produce 2 separate open contours for open path with two-sides-no-close mode
[22m[39mTEST: open path two-sides-no-close mode
Input path: M 0 0 L 10 0 L 10 10
Mode: two-sides-no-close
Result contours: [33m2[39m
Contour details: [
  { index: [33m0[39m, closed: [33mfalse[39m, segments: [33m2[39m, area: [33m81[39m },
  { index: [33m1[39m, closed: [33mfalse[39m, segments: [33m2[39m, area: [33m121[39m }
]

[90mstdout[2m | tests/offset-modes.spec.js[2m:107:11[22m[2m[2m > [22m[2mOffset Mode Routing - Open Contour Modes[2m > [22m[2mtwo-sides-no-close mode[2m > [22m[2mtwo-sides-no-close should produce distinct left and right contours
[22m[39mTwo-sided no-close separation:
  Contour 0: segments=1, closed=false, area=-10
  Contour 1: segments=1, closed=false, area=10

 [32mтЬУ[39m tests/offset-invariants.spec.js [2m([22m[2m10 tests[22m[2m)[22m[32m 15[2mms[22m[39m
[90mstdout[2m | tests/offset-modes.spec.js[2m:130:11[22m[2m[2m > [22m[2mOffset Mode Routing - Open Contour Modes[2m > [22m[2mtwo-sides-round-caps mode[2m > [22m[2mshould produce 1 closed contour for open path with two-sides-round-caps mode
[22m[39mTEST: open path two-sides-round-caps mode
Input path: M 0 0 L 10 0 L 10 10
Mode: two-sides-round-caps
Result contours: [33m1[39m
Contour details: [ { closed: [33mtrue[39m, segments: [33m8[39m, area: [33m-40[39m } ]

[90mstdout[2m | tests/offset-modes.spec.js[2m:156:11[22m[2m[2m > [22m[2mOffset Mode Routing - Open Contour Modes[2m > [22m[2mtwo-sides-round-caps mode[2m > [22m[2mtwo-sides-round-caps should include round-cap arc segments at endpoints
[22m[39mRound-cap structure:
Segments: [33m4[39m
Closed: [33mtrue[39m
Area: [33m-40[39m

[90mstdout[2m | tests/offset-modes.spec.js[2m:181:11[22m[2m[2m > [22m[2mOffset Mode Routing - Open Contour Modes[2m > [22m[2mtwo-sides-flat-caps mode[2m > [22m[2mshould produce 1 closed contour for open path with two-sides-flat-caps mode
[22m[39mTEST: open path two-sides-flat-caps mode
Input path: M 0 0 L 10 0 L 10 10
Mode: two-sides-flat-caps
Result contours: [33m1[39m
Contour details: [ { closed: [33mtrue[39m, segments: [33m6[39m, area: [33m-40[39m } ]

[90mstdout[2m | tests/offset-modes.spec.js[2m:207:11[22m[2m[2m > [22m[2mOffset Mode Routing - Open Contour Modes[2m > [22m[2mtwo-sides-flat-caps mode[2m > [22m[2mtwo-sides-flat-caps should produce fewer segments than round-caps
[22m[39mFlat-cap structure:
Segments: [33m4[39m
Closed: [33mtrue[39m
Area: [33m-40[39m

[90mstdout[2m | tests/offset-modes.spec.js[2m:234:11[22m[2m[2m > [22m[2mOffset Mode Routing - Closed Contour Modes[2m > [22m[2mone-sided mode[2m > [22m[2mshould produce 1 closed contour for closed path with one-sided mode
[22m[39mTEST: closed path one-sided mode
Input path: M 0 0 L 10 0 L 10 10 L 0 10 Z
Mode: one-sided (closed)
Result contours: [33m1[39m
Contour details: [ { closed: [33mtrue[39m, segments: [33m4[39m, area: [33m64[39m } ]

[90mstdout[2m | tests/offset-modes.spec.js[2m:259:11[22m[2m[2m > [22m[2mOffset Mode Routing - Closed Contour Modes[2m > [22m[2mone-sided mode[2m > [22m[2mone-sided closed mode should produce contour with correct orientation
[22m[39mOne-sided closed orientation:
Orientation: ccw
Area: [33m64[39m
Segments: [33m4[39m

[90mstdout[2m | tests/offset-modes.spec.js[2m:284:11[22m[2m[2m > [22m[2mOffset Mode Routing - Closed Contour Modes[2m > [22m[2mtwo-sides-no-close mode[2m > [22m[2mshould produce 2 separate closed contours for closed path with two-sides-no-close mode
[22m[39mTEST: closed path two-sides-no-close mode
Input path: M 0 0 L 10 0 L 10 10 L 0 10 Z
Mode: two-sides-no-close (closed)
Result contours: [33m2[39m
Contour details: [
  { index: [33m0[39m, closed: [33mtrue[39m, segments: [33m4[39m, area: [33m64[39m },
  { index: [33m1[39m, closed: [33mtrue[39m, segments: [33m4[39m, area: [33m144[39m }
]

[90mstdout[2m | tests/offset-modes.spec.js[2m:311:11[22m[2m[2m > [22m[2mOffset Mode Routing - Closed Contour Modes[2m > [22m[2mtwo-sides-no-close mode[2m > [22m[2mtwo-sides-no-close closed mode should have concentric contours with different areas
[22m[39mTwo-sided closed concentric contours:
  Contour 0: area=64, closed=true, segments=4
  Contour 1: area=144, closed=true, segments=4

[90mstdout[2m | tests/offset-modes.spec.js[2m:353:7[22m[2m[2m > [22m[2mOffset Mode Routing - Mode Parameter Contracts[2m > [22m[2mshould differentiate between open-path modes
[22m[39mMode differentiation:
One-sided contours: [33m1[39m
Two-sides contours: [33m2[39m

[90mstdout[2m | tests/offset-topology.spec.js[2m:28:7[22m[2m[2m > [22m[2mOffset Topology - Single Line Invariants[2m > [22m[2mshould produce 1 open contour for single-line one-sided mode
[22m[39mTEST: single-line one-sided
Input path: M 0 0 V 10
Result contours: [33m1[39m
Result: {
  "pathData": "M -1.000000 0.000000 L -1.000000 10.000000",
  "contours": [
    {
      "segments": [
        {
          "type": "line",
          "start": {
            "x": -1,
            "y": 0
          },
          "end": {
            "x": -1,
            "y": 10
          }
        }
      ],
      "pathData": "M -1.000000 0.000000 L -1.000000 10.000000",
      "closed": false,
      "orientation": "open",
      "area": 0,
      "bbox": {
        "minX": -1,
        "minY": 0,
        "maxX": -1,
        "maxY": 10
      }
    }
  ],
  "metadata": {
    "contourCount": 1,
    "sourceContourCount": 1,
    "bbox": {
      "minX": -1,
      "minY": 0,
      "maxX": -1,
      "maxY": 10
    },
    "area": 0
  }
}

[90mstdout[2m | tests/offset-modes.spec.js[2m:373:7[22m[2m[2m > [22m[2mOffset Mode Routing - Mode Parameter Contracts[2m > [22m[2mshould differentiate between closed-contour cap types
[22m[39mCap differentiation:
Round-caps segments: [33m8[39m
Flat-caps segments: [33m6[39m

[90mstdout[2m | tests/offset-topology.spec.js[2m:42:7[22m[2m[2m > [22m[2mOffset Topology - Single Line Invariants[2m > [22m[2msingle-line offset should produce open contour, not closed
[22m[39mContour closed status: [33mfalse[39m
Contour segments count: [33m1[39m

[90mstdout[2m | tests/offset-topology.spec.js[2m:56:7[22m[2m[2m > [22m[2mOffset Topology - Single Line Invariants[2m > [22m[2msingle-line offset should NOT produce 12-segment parasitic loop
[22m[39mSegment count: [33m1[39m
Segments: [
  {
    type: [32m'line'[39m,
    start: { x: [33m-1[39m, y: [33m0[39m },
    end: { x: [33m-1[39m, y: [33m10[39m },
    arc: [90mundefined[39m,
    cp1: [90mundefined[39m,
    cp2: [90mundefined[39m
  }
]

[90mstdout[2m | tests/offset-topology.spec.js[2m:73:7[22m[2m[2m > [22m[2mOffset Topology - Single Line Invariants[2m > [22m[2msingle-line offset pathData should not have unnecessary Z (close path)
[22m[39mPath data: M -1.000000 0.000000 L -1.000000 10.000000
Contour closed: [33mfalse[39m

[90mstdout[2m | tests/offset-topology.spec.js[2m:90:7[22m[2m[2m > [22m[2mOffset Topology - Single Line Invariants[2m > [22m[2msingle-line round-cap offset should produce proper topology
[22m[39mRound cap test:
Contours: [33m1[39m
  Contour 0: segments=1, closed=false

[90mstdout[2m | tests/offset-topology.spec.js[2m:111:7[22m[2m[2m > [22m[2mOffset Topology - Single Line Invariants[2m > [22m[2mmulti-segment open path should maintain proper topology
[22m[39mMulti-segment open path test:
Contours: [33m1[39m
  Contour 0: segments=2, closed=false

[90mstdout[2m | tests/offset-topology.spec.js[2m:129:7[22m[2m[2m > [22m[2mOffset Topology - Single Line Invariants[2m > [22m[2msingle-line offset should have continuous segments
[22m[39mContinuity and zero-length checks passed

 [32mтЬУ[39m tests/offset-rules.spec.js [2m([22m[2m56 tests[22m[2m)[22m[32m 11[2mms[22m[39m
 [32mтЬУ[39m tests/offset-modes.spec.js [2m([22m[2m15 tests[22m[2m)[22m[32m 20[2mms[22m[39m
 [32mтЬУ[39m tests/offset-topology.spec.js [2m([22m[2m7 tests[22m[2m)[22m[32m 20[2mms[22m[39m
stderr | tests/offset-arc-roundtrip.spec.js:299:5 > OffsetContourBuilder тАФ offset(contour7, +2): ╨Я-bridged contour with further outward offset > offset contour7 by d=+2 produces clean line-only contour without spurious ╨Я-bridge
[10:02:32] [OffsetContourBuilder:WARN] buildOffsetContour: failed to offset segment 1, type=arc

 [32mтЬУ[39m tests/offset-arc-roundtrip.spec.js [2m([22m[2m7 tests[22m[2m)[22m[32m 13[2mms[22m[39m
stderr | tests/offset-newcase-arc-degeneration-guards.spec.js:23:5 > New contour: arc degeneration guards > inward offset after arc collapse keeps neighboring segments
[10:02:32] [OffsetContourBuilder:WARN] buildOffsetContour: failed to offset segment 1, type=arc

 [32mтЬУ[39m tests/offset-newcase-arc-degeneration-guards.spec.js [2m([22m[2m2 tests[22m[2m)[22m[32m 9[2mms[22m[39m
stderr | tests/offset-engine-stitch-parallelism.spec.js:13:5 > OffsetEngine stitch preserves segment direction > keeps diagonal segment parallel for arc-collapse contour at d=3.8
[10:02:32] [OffsetContourBuilder:WARN] buildOffsetContour: failed to offset segment 3, type=arc

 [32mтЬУ[39m tests/offset-engine-stitch-parallelism.spec.js [2m([22m[2m1 test[22m[2m)[22m[32m 12[2mms[22m[39m
[90mstdout[2m | tests/offset-closed-self-intersection-split.spec.js[2m:10:7[22m[2m[2m > [22m[2mClosed contour inward self-intersection splitting[2m > [22m[2msplits the hourglass-like contour into two independent closed contours at the self-intersection threshold
[22m[39m[10:02:32] [OffsetTrimmer:INFO] Trimmed 8 input segments тЖТ 12 clean segments

[90mstdout[2m | tests/offset-closed-self-intersection-split.spec.js[2m:20:7[22m[2m[2m > [22m[2mClosed contour inward self-intersection splitting[2m > [22m[2mkeeps both split contours alive on deeper inward offsets from the same source contour
[22m[39m[10:02:32] [OffsetTrimmer:INFO] Trimmed 8 input segments тЖТ 12 clean segments

[90mstdout[2m | tests/offset-closed-self-intersection-split.spec.js[2m:20:7[22m[2m[2m > [22m[2mClosed contour inward self-intersection splitting[2m > [22m[2mkeeps both split contours alive on deeper inward offsets from the same source contour
[22m[39m[10:02:32] [OffsetTrimmer:INFO] Trimmed 8 input segments тЖТ 12 clean segments

[90mstdout[2m | tests/offset-ccw-cw-contours.spec.js[2m:15:7[22m[2m[2m > [22m[2mCCW contour offset consistency[2m > [22m[2mCCW contour: line-arc-arc-V should offset outward consistently
[22m[39m=== CCW CONTOUR ===
Input: M 30 0 A 10 10 0 0 0 10 0 A 10 10 0 0 1 -10 0 V -19
Output: M 29.000000 0.000000 A 9.000000 9.000000 0 0 0 11.000000 0.000000 A 11.000000 11.000000 0 0 1 -11.000000 0.000000 L -11.000000 -19.000000

[90mstdout[2m | tests/offset-ccw-cw-contours.spec.js[2m:50:7[22m[2m[2m > [22m[2mCW contour offset consistency[2m > [22m[2mCW contour: V-arc-arc should offset outward consistently
[22m[39m=== CW CONTOUR ===
Input: M -10 -19 V 0 A 10 10 0 0 0 10 0 A 10 10 0 0 1 30 0
Output: M -11.000000 -19.000000 L -11.000000 0.000000 A 11.000000 11.000000 0 0 0 11.000000 0.000000 A 9.000000 9.000000 0 0 1 29.000000 0.000000

 [32mтЬУ[39m tests/offset-closed-self-intersection-split.spec.js [2m([22m[2m2 tests[22m[2m)[22m[32m 23[2mms[22m[39m
 [32mтЬУ[39m tests/offset-ccw-cw-contours.spec.js [2m([22m[2m4 tests[22m[2m)[22m[32m 15[2mms[22m[39m
stderr | tests/offset-user-example.spec.js:27:7 > User example: line-arc-line offset > reversed contour: direct d=-3 equals sequential d=-2 then d=-1 after arc degeneration
[10:02:32] [OffsetContourBuilder:WARN] buildOffsetContour: failed to offset segment 1, type=arc

stderr | tests/offset-user-example.spec.js:27:7 > User example: line-arc-line offset > reversed contour: direct d=-3 equals sequential d=-2 then d=-1 after arc degeneration
[10:02:32] [OffsetContourBuilder:WARN] buildOffsetContour: failed to offset segment 1, type=arc

stderr | tests/offset-user-example.spec.js:191:7 > User example: line-arc-line offset > combined symmetric contour: offsets -2..-5 remain consistent (no middle collapse)
[10:02:33] [OffsetContourBuilder:WARN] buildOffsetContour: failed to offset segment 4, type=arc
[10:02:33] [OffsetContourBuilder:WARN] buildOffsetContour: failed to offset segment 7, type=arc
[10:02:33] [OffsetContourBuilder:WARN] buildOffsetContour: failed to offset segment 4, type=arc
[10:02:33] [OffsetContourBuilder:WARN] buildOffsetContour: failed to offset segment 7, type=arc
[10:02:33] [OffsetContourBuilder:WARN] buildOffsetContour: failed to offset segment 4, type=arc
[10:02:33] [OffsetContourBuilder:WARN] buildOffsetContour: failed to offset segment 7, type=arc
[10:02:33] [OffsetContourBuilder:WARN] buildOffsetContour: failed to offset segment 4, type=arc
[10:02:33] [OffsetContourBuilder:WARN] buildOffsetContour: failed to offset segment 7, type=arc

 [32mтЬУ[39m tests/offset-user-example.spec.js [2m([22m[2m8 tests[22m[2m)[22m[32m 156[2mms[22m[39m
 [32mтЬУ[39m tests/offset-converging-line-arc.spec.js [2m([22m[2m4 tests[22m[2m)[22m[32m 11[2mms[22m[39m
[90mstdout[2m | tests/offset-build-contour-debug.spec.js[2m:6:7[22m[2m[2m > [22m[2mDebug: buildOffsetContour with arc[2m > [22m[2mshould offset arc segment correctly through buildOffsetContour
[22m[39m=== INPUT SEGMENTS ===
[
  {
    "type": "line",
    "start": {
      "x": 10,
      "y": 10
    },
    "end": {
      "x": 2,
      "y": 10
    }
  },
  {
    "type": "arc",
    "start": {
      "x": 2,
      "y": 10
    },
    "end": {
      "x": 0,
      "y": 8
    },
    "arc": {
      "centerX": 2,
      "centerY": 8,
      "radius": 2,
      "startAngle": 90,
      "endAngle": 180,
      "sweepFlag": 1
    }
  },
  {
    "type": "line",
    "start": {
      "x": 0,
      "y": 8
    },
    "end": {
      "x": 0,
      "y": 0
    }
  }
]
=== DIRECT offsetSegment on arc ===
{
  "type": "arc",
  "start": {
    "x": 2,
    "y": 9
  },
  "end": {
    "x": 1,
    "y": 8
  },
  "arc": {
    "centerX": 2,
    "centerY": 8,
    "radius": 1,
    "startAngle": 1.5707963267948966,
    "endAngle": 3.141592653589793,
    "sweepFlag": 1
  }
}
=== buildOffsetContour result ===
[
  {
    "type": "line",
    "start": {
      "x": 10,
      "y": 9
    },
    "end": {
      "x": 2,
      "y": 9
    }
  },
  {
    "type": "arc",
    "start": {
      "x": 2,
      "y": 9
    },
    "end": {
      "x": 1,
      "y": 8
    },
    "arc": {
      "centerX": 2,
      "centerY": 8,
      "radius": 1,
      "startAngle": 1.5707963267948966,
      "endAngle": 3.141592653589793,
      "sweepFlag": 1
    }
  },
  {
    "type": "line",
    "start": {
      "x": 1,
      "y": 8
    },
    "end": {
      "x": 1,
      "y": 0
    }
  }
]
Arc radius from buildOffsetContour: [33m1[39m

 [32mтЬУ[39m tests/offset-build-contour-debug.spec.js [2m([22m[2m1 test[22m[2m)[22m[32m 6[2mms[22m[39m
 [32mтЬУ[39m tests/offset-cursor-side.spec.js [2m([22m[2m3 tests[22m[2m)[22m[32m 8[2mms[22m[39m
[90mstdout[2m | tests/offset-user-arc-grow.spec.js[2m:22:7[22m[2m[2m > [22m[2mUser example: outward offset issue analysis[2m > [22m[2mcontour 69 - arc should grow (not degenerate) on outward offset
[22m[39mContour 69 signed area: [33m-2.0974977999999993[39m (CW = negative)

Testing outward (which for CW means negative distance):
Result with distance=-3 (outward for CW): [33m2[39m

Testing inward (which for CW means positive distance):
Result with distance=3 (inward for CW): [33m5[39m

stderr | tests/offset-user-arc-grow.spec.js:22:7 > User example: outward offset issue analysis > contour 69 - arc should grow (not degenerate) on outward offset
[10:02:33] [OffsetContourBuilder:WARN] buildOffsetContour: failed to offset segment 1, type=arc

[90mstdout[2m | tests/offset-user-arc-grow.spec.js[2m:61:7[22m[2m[2m > [22m[2mUser example: outward offset issue analysis[2m > [22m[2mcontour 71 - lines degenerate on positive distance but work with negative
[22m[39mContour 71 analysis:
  Seg 0 direction: 135┬░
  Seg 1 direction: -42┬░
  Angle between: ~177┬░ (nearly 180┬░ - collinear!)

Positive distance (should be inward for CW):
  Result: [33m0[39m segments

Negative distance (should be outward for CW):
  Result: [33m2[39m segments

 [32mтЬУ[39m tests/offset-user-arc-grow.spec.js [2m([22m[2m3 tests[22m[2m)[22m[32m 7[2mms[22m[39m
stderr | tests/offset-arc-degenerate-contour.spec.js:66:5 > buildOffsetContour - arc degeneration produces connected output > distance=3: arc degenerates, result is connected (no M-break), sharp mode
[10:02:33] [OffsetContourBuilder:WARN] buildOffsetContour: failed to offset segment 1, type=arc

stderr | tests/offset-arc-degenerate-contour.spec.js:80:5 > buildOffsetContour - arc degeneration produces connected output > distance=3: result is connected in round mode too (no M-break)
[10:02:33] [OffsetContourBuilder:WARN] buildOffsetContour: failed to offset segment 1, type=arc

stderr | tests/offset-arc-degenerate-contour.spec.js:92:5 > buildOffsetContour - arc degeneration produces connected output > distance=4: arc stays absent after full degeneration, result connected, sharp mode
[10:02:33] [OffsetContourBuilder:WARN] buildOffsetContour: failed to offset segment 1, type=arc

stderr | tests/offset-arc-degenerate-contour.spec.js:106:5 > buildOffsetContour - arc degeneration produces connected output > distance=4: arc does not resurrect or flip in round mode
[10:02:33] [OffsetContourBuilder:WARN] buildOffsetContour: failed to offset segment 1, type=arc

 [32mтЬУ[39m tests/offset-arc-degenerate-contour.spec.js [2m([22m[2m4 tests[22m[2m)[22m[32m 10[2mms[22m[39m
 [32mтЬУ[39m tests/offset-arc-degenerate-radius3.spec.js [2m([22m[2m3 tests[22m[2m)[22m[32m 6[2mms[22m[39m
[90mstdout[2m | tests/offset-parse-debug.spec.js[2m:7:7[22m[2m[2m > [22m[2mDebug: parse line-arc-line path[2m > [22m[2mshould parse arc correctly
[22m[39m=== PARSE DEBUG ===
Input: M 10 10 L 2 10 A 2 2 0 0 1 0 8 L 0 0
Parsed segments: [
  {
    "type": "line",
    "start": {
      "x": 10,
      "y": 10
    },
    "end": {
      "x": 2,
      "y": 10
    }
  },
  {
    "type": "arc",
    "start": {
      "x": 2,
      "y": 10
    },
    "end": {
      "x": 0,
      "y": 8
    },
    "arc": {
      "centerX": 1.9999999999999998,
      "centerY": 8,
      "radius": 2,
      "startAngle": 90,
      "endAngle": 180,
      "sweepFlag": 1
    }
  },
  {
    "type": "line",
    "start": {
      "x": 0,
      "y": 8
    },
    "end": {
      "x": 0,
      "y": 0
    }
  }
]
Arc segment:
  start: { x: [33m2[39m, y: [33m10[39m }
  end: { x: [33m0[39m, y: [33m8[39m }
  arc: {
  centerX: [33m1.9999999999999998[39m,
  centerY: [33m8[39m,
  radius: [33m2[39m,
  startAngle: [33m90[39m,
  endAngle: [33m180[39m,
  sweepFlag: [33m1[39m
}
  arc.startAngle: [33m90[39m = [33m5156.620156177409[39m deg
  arc.endAngle: [33m180[39m = [33m10313.240312354817[39m deg
  arc.sweepFlag: [33m1[39m
  arc.radius: [33m2[39m

 [32mтЬУ[39m tests/offset-parse-debug.spec.js [2m([22m[2m1 test[22m[2m)[22m[32m 5[2mms[22m[39m
[90mstdout[2m | tests/offset-arc-direct.spec.js[2m:5:7[22m[2m[2m > [22m[2mDebug: offset arc directly[2m > [22m[2mshould offset CCW arc r=2 by distance 1
[22m[39m=== DIRECT OFFSET DEBUG ===
Input segment: {
  "type": "arc",
  "start": {
    "x": 2,
    "y": 10
  },
  "end": {
    "x": 0,
    "y": 8
  },
  "arc": {
    "centerX": 2,
    "centerY": 8,
    "radius": 2,
    "startAngle": 90,
    "endAngle": 180,
    "sweepFlag": 1
  }
}
Offset distance: 1
Result: {
  "type": "arc",
  "start": {
    "x": 2,
    "y": 9
  },
  "end": {
    "x": 1,
    "y": 8
  },
  "arc": {
    "centerX": 2,
    "centerY": 8,
    "radius": 1,
    "startAngle": 1.5707963267948966,
    "endAngle": 3.141592653589793,
    "sweepFlag": 1
  }
}
Result radius: [33m1[39m
Result startAngle: [33m1.5707963267948966[39m rad = [33m90[39m deg
Result endAngle: [33m3.141592653589793[39m rad = [33m180[39m deg
Result start: { x: [33m2[39m, y: [33m9[39m }
Result end: { x: [33m1[39m, y: [33m8[39m }

 [32mтЬУ[39m tests/offset-arc-direct.spec.js [2m([22m[2m1 test[22m[2m)[22m[32m 4[2mms[22m[39m
 [32mтЬУ[39m tests/offset-cursor-direction-invariance.spec.js [2m([22m[2m1 test[22m[2m)[22m[32m 9[2mms[22m[39m
[90mstdout[2m | tests/offset-sequential-degeneration.spec.js[2m:32:7[22m[2m[2m > [22m[2mSequential offset degeneration[2m > [22m[2misArcDegenerated detects editor-format point-collapsed arc
[22m[39misArcDegenerated result: [33mtrue[39m

 [32mтЬУ[39m tests/offset-sequential-degeneration.spec.js [2m([22m[2m3 tests[22m[2m)[22m[32m 7[2mms[22m[39m
[90mstdout[2m | tests/offset-engine-parse.spec.js[2m:15:7[22m[2m[2m > [22m[2mDebug: OffsetEngine parse arc[2m > [22m[2mshould parse arc with correct angles
[22m[39m=== ENGINE PARSE DEBUG ===
Input: M 10 10 L 2 10 A 2 2 0 0 1 0 8 L 0 0
Parsed segments: [
  {
    "type": "line",
    "start": {
      "x": 10,
      "y": 10
    },
    "end": {
      "x": 2,
      "y": 10
    }
  },
  {
    "type": "arc",
    "start": {
      "x": 2,
      "y": 10
    },
    "end": {
      "x": 0,
      "y": 8
    },
    "arc": {
      "centerX": 1.9999999999999998,
      "centerY": 8,
      "radius": 2,
      "startAngle": 90,
      "endAngle": 180,
      "sweepFlag": 1
    }
  },
  {
    "type": "line",
    "start": {
      "x": 0,
      "y": 8
    },
    "end": {
      "x": 0,
      "y": 0
    }
  }
]
Arc segment from engine:
  start: { x: [33m2[39m, y: [33m10[39m }
  end: { x: [33m0[39m, y: [33m8[39m }
  arc: {
  centerX: [33m1.9999999999999998[39m,
  centerY: [33m8[39m,
  radius: [33m2[39m,
  startAngle: [33m90[39m,
  endAngle: [33m180[39m,
  sweepFlag: [33m1[39m
}
  arc.startAngle: [33m90[39m
  arc.endAngle: [33m180[39m
  arc.sweepFlag: [33m1[39m
  arc.radius: [33m2[39m

 [32mтЬУ[39m tests/offset-engine-parse.spec.js [2m([22m[2m1 test[22m[2m)[22m[32m 4[2mms[22m[39m
 [32mтЬУ[39m tests/offset-open-line-arc-reverse-shape-invariance.spec.js [2m([22m[2m6 tests[22m[2m)[22m[32m 3[2mms[22m[39m
 [32mтЬУ[39m tests/offset-tool-sign-mapping.spec.js [2m([22m[2m3 tests[22m[2m)[22m[32m 2[2mms[22m[39m

[2m Test Files [22m [1m[32m28 passed[39m[22m[90m (28)[39m
[2m      Tests [22m [1m[32m199 passed[39m[22m[90m (199)[39m
[2m   Start at [22m 14:02:31
[2m   Duration [22m 2.34s[2m (transform 2.38s, setup 735ms, import 4.78s, tests 421ms, environment 13.94s)[22m

