
=== trimSelfIntersections=false ===
d=-2: M 4.660125 6.605710 L 4.639775 6.687111 A 3.414200 3.414200 0 0 1 -1.994431 8.195248 L -2.000000 8.196022 L -2.000000 -2.000000 L 12.000000 -2.000000 L 12.000000 4.508603 L 4.660125 6.605710 Z
d=-1.5: M 4.245094 6.204282 L 4.118743 6.709687 A 2.914200 2.914200 0 0 1 -1.496333 8.146481 L -1.500000 8.147017 L -1.500000 -1.500000 L 11.500000 -1.500000 L 11.500000 4.131452 L 4.245094 6.204282 Z
d=-1: M 3.830063 5.802855 L 3.594137 6.746557 A 2.414200 2.414200 0 0 1 -0.998035 8.097704 L -1.000000 8.098011 L -1.000000 -1.000000 L 11.000000 -1.000000 L 11.000000 3.754301 L 3.830063 5.802855 Z
d=-0.5: M 3.415031 5.401427 L 3.064619 6.803076 A 1.914200 1.914200 0 0 1 -0.499382 8.048900 L -0.500000 -0.500000 L 10.500000 -0.500000 L 10.500000 3.377151 L 3.415031 5.401427 Z
d=-0.25: M 3.207516 5.200714 L 2.797325 6.841478 A 1.664200 1.664200 0 0 1 -0.249823 8.024470 L -0.250000 -0.250000 L 10.250000 -0.250000 L 10.250000 3.188575 L 3.207516 5.200714 Z
d=0.25: M 2.792484 4.799286 L 1.787652 8.818616 A 1.164200 1.164200 0 0 1 0.250000 7.974294 L 0.250000 0.250000 L 9.750000 0.250000 L 9.750000 2.811425 L 2.792484 4.799286 Z
d=0.5: M 2.584969 4.598573 L 1.579833 8.619117 A 0.914200 0.914200 0 0 1 0.500000 7.945607 L 0.500000 0.500000 L 9.500000 0.500000 L 9.500000 2.622849 L 2.584969 4.598573 Z
d=1: M 2.169937 4.197145 L 1.196019 8.092816 A 0.414200 0.414200 0 0 1 1.000000 7.872288 L 1.000000 1.000000 L 9.000000 1.000000 L 9.000000 2.245699 L 2.169937 4.197145 Z
d=1.5: M 1.754906 3.795718 L 1.500000 4.815342 L 1.500000 1.500000 L 8.500000 1.500000 L 8.500000 1.868548 L 1.754906 3.795718 Z
d=2: M 2.000000 2.000000 L 8.000000 2.000000 L 8.000000 1.491397 L 1.339875 3.394290 L 2.000000 2.000000 Z

=== trimSelfIntersections=true ===
d=-2: M 4.660125 6.605710 L 4.639775 6.687111 A 3.414200 3.414200 0 0 1 -1.994431 8.195248 L -2.000000 8.196022 L -2.000000 -2.000000 L 12.000000 -2.000000 L 12.000000 4.508603 L 4.660125 6.605710 Z
d=-1.5: M 4.245094 6.204282 L 4.118743 6.709687 A 2.914200 2.914200 0 0 1 -1.496333 8.146481 L -1.500000 8.147017 L -1.500000 -1.500000 L 11.500000 -1.500000 L 11.500000 4.131452 L 4.245094 6.204282 Z
d=-1: M 3.830063 5.802855 L 3.594137 6.746557 A 2.414200 2.414200 0 0 1 -0.998035 8.097704 L -1.000000 8.098011 L -1.000000 -1.000000 L 11.000000 -1.000000 L 11.000000 3.754301 L 3.830063 5.802855 Z
d=-0.5: M 3.415031 5.401427 L 3.064619 6.803076 A 1.914200 1.914200 0 0 1 -0.499382 8.048900 L -0.500000 -0.500000 L 10.500000 -0.500000 L 10.500000 3.377151 L 3.415031 5.401427 Z
d=-0.25: M 3.207516 5.200714 L 2.797325 6.841478 A 1.664200 1.664200 0 0 1 -0.249823 8.024470 L -0.250000 -0.250000 L 10.250000 -0.250000 L 10.250000 3.188575 L 3.207516 5.200714 Z
d=0.25: M 2.792484 4.799286 L 1.787652 8.818616 A 1.164200 1.164200 0 0 1 0.250000 7.974294 L 0.250000 0.250000 L 9.750000 0.250000 L 9.750000 2.811425 L 2.792484 4.799286 Z
d=0.5: M 2.584969 4.598573 L 1.579833 8.619117 A 0.914200 0.914200 0 0 1 0.500000 7.945607 L 0.500000 0.500000 L 9.500000 0.500000 L 9.500000 2.622849 L 2.584969 4.598573 Z
d=1: M 2.169937 4.197145 L 1.196019 8.092816 A 0.414200 0.414200 0 0 1 1.000000 7.872288 L 1.000000 1.000000 L 9.000000 1.000000 L 9.000000 2.245699 L 2.169937 4.197145 Z
d=1.5: M 1.754906 3.795718 L 1.500000 4.815342 L 1.500000 1.500000 L 8.500000 1.500000 L 8.500000 1.868548 L 1.754906 3.795718 Z
d=2: M 2.000000 2.000000 L 8.000000 2.000000 L 8.000000 1.491397 L 1.339875 3.394290 L 2.000000 2.000000 Z
