SRC
0 line { x: 3, y: 5 } { x: 2, y: 9 } 
1 arc { x: 2, y: 9 } { x: 0, y: 8 } {
  r: 1.4142,
  sweep: 1,
  c: [ 1.387288429984682, 7.725423140030636 ],
  ang: [ 64.32558571000527, 168.80451664415068 ]
}
2 line { x: 0, y: 8 } { x: 0, y: 0 } 
3 line { x: 0, y: 0 } { x: 10, y: 0 } 
4 line { x: 10, y: 0 } { x: 10, y: 3 } 
5 line { x: 10, y: 3 } { x: 3, y: 5 } 
\nD=-0.5
0 line { x: 3.415031336346983, y: 5.401427467420898 } { x: 3.0646190979698194, y: 6.803076420929553 } 
1 arc { x: 3.0646190979698194, y: 6.803076420929553 } { x: -0.49938182640447293, y: 8.048899543585023 } { r: 1.9142, sweep: 1, c: [ 1.387288429984682, 7.725423140030636 ] }
2 line { x: -0.5, y: 8.049005531672117 } { x: -0.5, y: -0.5 } 
3 line { x: -0.5, y: -0.5 } { x: 10.5, y: -0.5 } 
4 line { x: 10.5, y: -0.5 } { x: 10.5, y: 3.37715070637718 } 
5 line { x: 10.5, y: 3.37715070637718 } { x: 3.415031336346983, y: 5.401427467420898 } 
\nD=0.5
0 line { x: 2.584968663653017, y: 4.598572532579102 } { x: 1.5798325929605608, y: 8.619116815348928 } 
1 arc { x: 1.579832592960561, y: 8.619116815348928 } { x: 0.5000000000000001, y: 7.945606886059534 } {
  r: 0.9141999999999999,
  sweep: 1,
  c: [ 1.387288429984682, 7.725423140030636 ]
}
2 line { x: 0.5, y: 7.945606886059534 } { x: 0.5, y: 0.5 } 
3 line { x: 0.5, y: 0.5 } { x: 9.5, y: 0.5 } 
4 line { x: 9.5, y: 0.5 } { x: 9.5, y: 2.62284929362282 } 
5 line { x: 9.5, y: 2.62284929362282 } { x: 2.584968663653017, y: 4.598572532579102 } 
\nD=1
0 line { x: 2.1699373273060347, y: 4.197145065158201 } { x: 1.1960194856172028, y: 8.09281643191353 } 
1 arc { x: 1.1960194856172024, y: 8.092816431913532 } { x: 1, y: 7.872288084792823 } {
  r: 0.4141999999999999,
  sweep: 1,
  c: [ 1.387288429984682, 7.725423140030636 ]
}
2 line { x: 1, y: 7.872288084792823 } { x: 1, y: 1 } 
3 line { x: 1, y: 1 } { x: 9, y: 1 } 
4 line { x: 9, y: 1 } { x: 9, y: 2.24569858724564 } 
5 line { x: 9, y: 2.24569858724564 } { x: 2.1699373273060347, y: 4.197145065158201 } 
\nD=1.5
0 line { x: 1.7549059909590516, y: 3.795717597737303 } { x: 1.5, y: 4.81534156157351 } 
1 line { x: 1.5, y: 4.81534156157351 } { x: 1.5, y: 1.5 } 
2 line { x: 1.5, y: 1.5 } { x: 8.5, y: 1.5 } 
3 line { x: 8.5, y: 1.5 } { x: 8.5, y: 1.8685478808684606 } 
4 line { x: 8.5, y: 1.8685478808684606 } { x: 1.7549059909590516, y: 3.795717597737303 } 
